<?xml version="1.0" encoding="UTF-8"?>
<testng-results skipped="0" failed="0" ignored="0" total="1" passed="1">
  <reporter-output>
  </reporter-output>
  <suite name="Default suite" duration-ms="29262" started-at="2020-06-19T10:49:25 IST" finished-at="2020-06-19T10:49:54 IST">
    <groups>
    </groups>
    <test name="Default test" duration-ms="29262" started-at="2020-06-19T10:49:25 IST" finished-at="2020-06-19T10:49:54 IST">
      <class name="Executionengine.DriverScript">
        <test-method status="PASS" signature="TestCaseExecution()[pri:0, instance:Executionengine.DriverScript@6737fd8f]" name="TestCaseExecution" duration-ms="29229" started-at="2020-06-19T10:49:25 IST" finished-at="2020-06-19T10:49:54 IST">
          <reporter-output>
          </reporter-output>
        </test-method> <!-- TestCaseExecution -->
      </class> <!-- Executionengine.DriverScript -->
    </test> <!-- Default test -->
  </suite> <!-- Default suite -->
</testng-results>
