<?xml version="1.0" encoding="UTF-8"?>
<!-- Generated by org.testng.reporters.JUnitXMLReporter -->
<testsuite ignored="0" hostname="Administer-PC" failures="0" tests="3" name="UploadTest" time="37.689" errors="0" timestamp="2020-07-06T22:19:59 IST">
  <testcase classname="com.herokuapp.theinternet.UploadTest" name="Upload" time="9.197"/>
  <testcase classname="com.herokuapp.theinternet.UploadTest" name="Upload" time="10.05"/>
  <testcase classname="com.herokuapp.theinternet.UploadTest" name="Upload" time="7.057"/>
</testsuite> <!-- UploadTest -->
