<?xml version="1.0" encoding="UTF-8"?>
<!-- Generated by org.testng.reporters.JUnitXMLReporter -->
<testsuite ignored="0" hostname="Administer-PC" failures="0" tests="4" name="WrongUsername" time="45.355" errors="0" timestamp="2020-07-06T22:18:56 IST">
  <testcase classname="com.herokuapp.theinternet.NegativeLoginTest" name="NegativeLogin" time="8.209"/>
  <testcase classname="com.herokuapp.theinternet.NegativeLoginTest" name="NegativeLogin" time="7.757"/>
  <testcase classname="com.herokuapp.theinternet.NegativeLoginTest" name="NegativeLogin" time="7.193"/>
  <testcase classname="com.herokuapp.theinternet.NegativeLoginTest" name="NegativeLogin" time="7.917"/>
</testsuite> <!-- WrongUsername -->
