<?xml version="1.0" encoding="UTF-8"?>
<!-- Generated by org.testng.reporters.JUnitXMLReporter -->
<testsuite hostname="LAPTOP-SGMUKH44" ignored="0" name="DataDrivenFramework" tests="3" failures="1" timestamp="2020-06-17T13:19:32 IST" time="24.621" errors="0">
  <testcase name="getRowCount" time="0.669" classname="Test.TestCases"/>
  <testcase name="addquestions" time="2.012" classname="Test.TestCases">
    <failure type="java.lang.NullPointerException">
      <![CDATA[java.lang.NullPointerException
at Test.TestCases.addquestions(TestCases.java:102)
at java.util.concurrent.ThreadPoolExecutor.runWorker(Unknown Source)
at java.util.concurrent.ThreadPoolExecutor$Worker.run(Unknown Source)
at java.lang.Thread.run(Unknown Source)
... Removed 12 stack frames]]>
    </failure>
  </testcase> <!-- addquestions -->
  <testcase name="login" time="12.082" classname="Test.TestCases"/>
</testsuite> <!-- DataDrivenFramework -->
