<?xml version="1.0" encoding="UTF-8"?>
<!-- Generated by org.testng.reporters.JUnitXMLReporter -->
<testsuite hostname="LAPTOP-SGMUKH44" ignored="0" name="LearningDemos" tests="4" failures="0" timestamp="2020-06-17T13:20:09 IST" time="37.358" errors="0">
  <testcase name="AlertHandling" time="12.733" classname="Demos.AlertClass"/>
  <testcase name="handlingwindows" time="15.828" classname="Demos.WindowHandling_Class"/>
  <testcase name="handlingFrames" time="16.625" classname="Demos.Frames"/>
  <testcase name="performingMouseActions" time="37.353" classname="Demos.MouseActions"/>
</testsuite> <!-- LearningDemos -->
