<?xml version="1.0" encoding="UTF-8"?>
<!-- Generated by org.testng.reporters.JUnitXMLReporter -->
<testsuite hostname="DESKTOP-0EGVAJJ" ignored="0" name="Test" tests="4" failures="1" timestamp="2020-09-22T22:00:26 IST" time="47.693" errors="0">
  <testcase name="basePageNavigation" time="7.88" classname="E2EFramework.Homepage"/>
  <testcase name="basePageNavigation" time="4.693" classname="E2EFramework.Homepage"/>
  <testcase name="validateAppTitle" time="0.113" classname="E2EFramework.ValidateTitle">
    <failure type="java.lang.AssertionError" message="expected [FEATURED COU123RSES] but found [FEATURED COURSES]">
      <![CDATA[java.lang.AssertionError: expected [FEATURED COU123RSES] but found [FEATURED COURSES]
at E2EFramework.ValidateTitle.validateAppTitle(ValidateTitle.java:42)
at java.util.ArrayList.forEach(Unknown Source)
... Removed 33 stack frames]]>
    </failure>
  </testcase> <!-- validateAppTitle -->
  <testcase name="validateAppNavBar" time="0.147" classname="E2EFramework.validateNavigationBar"/>
</testsuite> <!-- Test -->
