<?xml version="1.0" encoding="UTF-8"?>
<!-- Generated by org.testng.reporters.JUnitXMLReporter -->
<testsuite ignored="0" hostname="Administer-PC" failures="0" tests="4" name="WrongUsername" time="55.545" errors="0" timestamp="2020-06-28T21:53:00 IST">
  <testcase classname="com.herokuapp.theinternet.NegativeLoginTest" name="NegativeLogin" time="10.636"/>
  <testcase classname="com.herokuapp.theinternet.NegativeLoginTest" name="NegativeLogin" time="10.875"/>
  <testcase classname="com.herokuapp.theinternet.NegativeLoginTest" name="NegativeLogin" time="9.438"/>
  <testcase classname="com.herokuapp.theinternet.NegativeLoginTest" name="NegativeLogin" time="7.729"/>
</testsuite> <!-- WrongUsername -->
