<?xml version="1.0" encoding="UTF-8"?>
<testng-results skipped="0" failed="0" ignored="0" total="2" passed="2">
  <reporter-output>
  </reporter-output>
  <suite name="Default suite" duration-ms="15323" started-at="2020-09-23T11:16:36 IST" finished-at="2020-09-23T11:16:52 IST">
    <groups>
    </groups>
    <test name="Default test" duration-ms="15323" started-at="2020-09-23T11:16:36 IST" finished-at="2020-09-23T11:16:52 IST">
      <class name="E2EFramework.Homepage">
        <test-method status="PASS" signature="initialize()[pri:0, instance:E2EFramework.Homepage@10d68fcd]" name="initialize" is-config="true" duration-ms="4950" started-at="2020-09-23T11:16:36 IST" finished-at="2020-09-23T11:16:41 IST">
          <reporter-output>
          </reporter-output>
        </test-method> <!-- initialize -->
        <test-method status="PASS" signature="basePageNavigation(java.lang.String, java.lang.String, java.lang.String)[pri:0, instance:E2EFramework.Homepage@10d68fcd]" name="basePageNavigation" duration-ms="6244" started-at="2020-09-23T11:16:41 IST" data-provider="getData" finished-at="2020-09-23T11:16:48 IST">
          <params>
            <param index="0">
              <value>
                <![CDATA[nonrestricteduser@qw.com]]>
              </value>
            </param>
            <param index="1">
              <value>
                <![CDATA[123456]]>
              </value>
            </param>
            <param index="2">
              <value>
                <![CDATA[Restrcited User]]>
              </value>
            </param>
          </params>
          <reporter-output>
          </reporter-output>
        </test-method> <!-- basePageNavigation -->
        <test-method status="PASS" signature="basePageNavigation(java.lang.String, java.lang.String, java.lang.String)[pri:0, instance:E2EFramework.Homepage@10d68fcd]" name="basePageNavigation" duration-ms="3743" started-at="2020-09-23T11:16:48 IST" data-provider="getData" finished-at="2020-09-23T11:16:51 IST">
          <params>
            <param index="0">
              <value>
                <![CDATA[restricteduser@qw.com]]>
              </value>
            </param>
            <param index="1">
              <value>
                <![CDATA[456788]]>
              </value>
            </param>
            <param index="2">
              <value>
                <![CDATA[Non restricted user]]>
              </value>
            </param>
          </params>
          <reporter-output>
          </reporter-output>
        </test-method> <!-- basePageNavigation -->
        <test-method status="PASS" signature="teardown()[pri:0, instance:E2EFramework.Homepage@10d68fcd]" name="teardown" is-config="true" duration-ms="321" started-at="2020-09-23T11:16:51 IST" finished-at="2020-09-23T11:16:52 IST">
          <reporter-output>
          </reporter-output>
        </test-method> <!-- teardown -->
      </class> <!-- E2EFramework.Homepage -->
    </test> <!-- Default test -->
  </suite> <!-- Default suite -->
</testng-results>
