<?xml version="1.0" encoding="UTF-8"?>
<!-- Generated by org.testng.reporters.JUnitXMLReporter -->
<testsuite ignored="0" hostname="Administer-PC" failures="0" tests="3" name="UploadTest" time="231.934" errors="0" timestamp="2020-06-26T21:14:34 IST">
  <testcase classname="com.herokuapp.theinternet.UploadTest" name="Upload" time="82.018"/>
  <testcase classname="com.herokuapp.theinternet.UploadTest" name="Upload" time="64.962"/>
  <testcase classname="com.herokuapp.theinternet.UploadTest" name="Upload" time="72.445"/>
</testsuite> <!-- UploadTest -->
