-------------------------------------------------------------------------------
Test set: TestSuite
-------------------------------------------------------------------------------
Tests run: 4, Failures: 1, Errors: 0, Skipped: 0, Time elapsed: 70.122 s <<< FAILURE! - in TestSuite
E2EFramework.ValidateTitle.validateAppTitle  Time elapsed: 1.959 s  <<< FAILURE!
java.lang.AssertionError: expected [FEATURED COU123RSES] but found [FEATURED COURSES]
	at E2EFramework.ValidateTitle.validateAppTitle(ValidateTitle.java:42)

