<?xml version="1.0" encoding="UTF-8" ?>
<testsuite tests="2" failures="0" name="CucumberOptions.TestRunner" time="0.311" errors="2" skipped="0">
  <properties>
[...]
</properties>
  <testcase classname="Login Action" name="Successful Login with Valid Credentials" time="0.311">
    <error message="The step &quot;User is on Home Page&quot; is undefined. You can implement it using the snippet(s) below:

@Given(&quot;User is on Home Page&quot;)
public void user_is_on_home_page() {
    // Write code here that turns the phrase above into concrete actions
    throw new io.cucumber.java.PendingException();
}


Some other steps were also undefined:

@When(&quot;User Navigate to LogIn Page&quot;)
public void user_navigate_to_log_in_page() {
    // Write code here that turns the phrase above into concrete actions
    throw new io.cucumber.java.PendingException();
}
@When(&quot;User enters UserName and Password&quot;)
public void user_enters_user_name_and_password() {
    // Write code here that turns the phrase above into concrete actions
    throw new io.cucumber.java.PendingException();
}
@Then(&quot;Message displayed Login Successfully&quot;)
public void message_displayed_login_successfully() {
    // Write code here that turns the phrase above into concrete actions
    throw new io.cucumber.java.PendingException();
}
" type="io.cucumber.junit.UndefinedStepException">io.cucumber.junit.UndefinedStepException: The step &quot;User is on Home Page&quot; is undefined. You can implement it using the snippet(s) below:

@Given(&quot;User is on Home Page&quot;)
public void user_is_on_home_page() {
    // Write code here that turns the phrase above into concrete actions
    throw new io.cucumber.java.PendingException();
}


Some other steps were also undefined:

@When(&quot;User Navigate to LogIn Page&quot;)
public void user_navigate_to_log_in_page() {
    // Write code here that turns the phrase above into concrete actions
    throw new io.cucumber.java.PendingException();
}
@When(&quot;User enters UserName and Password&quot;)
public void user_enters_user_name_and_password() {
    // Write code here that turns the phrase above into concrete actions
    throw new io.cucumber.java.PendingException();
}
@Then(&quot;Message displayed Login Successfully&quot;)
public void message_displayed_login_successfully() {
    // Write code here that turns the phrase above into concrete actions
    throw new io.cucumber.java.PendingException();
}

</error>
  </testcase>
  <testcase classname="Login Action" name="Successful LogOut" time="0">
    <error message="The step &quot;User LogOut from the Application&quot; is undefined. You can implement it using the snippet(s) below:

@When(&quot;User LogOut from the Application&quot;)
public void user_log_out_from_the_application() {
    // Write code here that turns the phrase above into concrete actions
    throw new io.cucumber.java.PendingException();
}


Some other steps were also undefined:

@Then(&quot;Message displayed LogOut Successfully&quot;)
public void message_displayed_log_out_successfully() {
    // Write code here that turns the phrase above into concrete actions
    throw new io.cucumber.java.PendingException();
}
" type="io.cucumber.junit.UndefinedStepException">io.cucumber.junit.UndefinedStepException: The step &quot;User LogOut from the Application&quot; is undefined. You can implement it using the snippet(s) below:

@When(&quot;User LogOut from the Application&quot;)
public void user_log_out_from_the_application() {
    // Write code here that turns the phrase above into concrete actions
    throw new io.cucumber.java.PendingException();
}


Some other steps were also undefined:

@Then(&quot;Message displayed LogOut Successfully&quot;)
public void message_displayed_log_out_successfully() {
    // Write code here that turns the phrase above into concrete actions
    throw new io.cucumber.java.PendingException();
}

</error>
  </testcase>
</testsuite>