<?xml version="1.0" encoding="UTF-8"?>
<testng-results ignored="0" total="4" passed="4" failed="0" skipped="0">
  <reporter-output>
  </reporter-output>
  <suite started-at="2020-06-28T21:52:04 IST" name="NegativeLoginTest" finished-at="2020-06-28T21:53:00 IST" duration-ms="55545">
    <groups>
    </groups>
    <test started-at="2020-06-28T21:52:04 IST" name="WrongUsername" finished-at="2020-06-28T21:53:00 IST" duration-ms="55545">
      <class name="com.herokuapp.theinternet.NegativeLoginTest">
        <test-method is-config="true" signature="intializeDriver(java.lang.String, org.testng.ITestContext)[pri:0, instance:com.herokuapp.theinternet.NegativeLoginTest@15b204a1]" started-at="2020-06-28T21:52:04 IST" name="intializeDriver" finished-at="2020-06-28T21:52:09 IST" duration-ms="4786" status="PASS">
          <params>
            <param index="0">
              <value>
                <![CDATA[Chrome]]>
              </value>
            </param>
            <param index="1">
              <value>
                <![CDATA[org.testng.TestRunner@7e00ed0f]]>
              </value>
            </param>
          </params>
          <reporter-output>
          </reporter-output>
        </test-method> <!-- intializeDriver -->
        <test-method signature="NegativeLogin(java.lang.String, java.lang.String, java.lang.String, java.lang.String, java.lang.String)[pri:0, instance:com.herokuapp.theinternet.NegativeLoginTest@15b204a1]" started-at="2020-06-28T21:52:09 IST" name="NegativeLogin" data-provider="ExcelReader" finished-at="2020-06-28T21:52:20 IST" duration-ms="10636" status="PASS">
          <params>
            <param index="0">
              <value>
                <![CDATA[1]]>
              </value>
            </param>
            <param index="1">
              <value>
                <![CDATA[test]]>
              </value>
            </param>
            <param index="2">
              <value>
                <![CDATA[SuperSecretPassword!]]>
              </value>
            </param>
            <param index="3">
              <value>
                <![CDATA[Your username is invalid!]]>
              </value>
            </param>
            <param index="4">
              <value>
                <![CDATA[Invalid Username]]>
              </value>
            </param>
          </params>
          <reporter-output>
          </reporter-output>
        </test-method> <!-- NegativeLogin -->
        <test-method is-config="true" signature="closeDriver()[pri:0, instance:com.herokuapp.theinternet.NegativeLoginTest@15b204a1]" started-at="2020-06-28T21:52:20 IST" name="closeDriver" finished-at="2020-06-28T21:52:21 IST" duration-ms="746" status="PASS">
          <reporter-output>
          </reporter-output>
        </test-method> <!-- closeDriver -->
        <test-method is-config="true" signature="intializeDriver(java.lang.String, org.testng.ITestContext)[pri:0, instance:com.herokuapp.theinternet.NegativeLoginTest@15b204a1]" started-at="2020-06-28T21:52:21 IST" name="intializeDriver" finished-at="2020-06-28T21:52:23 IST" duration-ms="2812" status="PASS">
          <params>
            <param index="0">
              <value>
                <![CDATA[Chrome]]>
              </value>
            </param>
            <param index="1">
              <value>
                <![CDATA[org.testng.TestRunner@7e00ed0f]]>
              </value>
            </param>
          </params>
          <reporter-output>
          </reporter-output>
        </test-method> <!-- intializeDriver -->
        <test-method signature="NegativeLogin(java.lang.String, java.lang.String, java.lang.String, java.lang.String, java.lang.String)[pri:0, instance:com.herokuapp.theinternet.NegativeLoginTest@15b204a1]" started-at="2020-06-28T21:52:23 IST" name="NegativeLogin" data-provider="ExcelReader" finished-at="2020-06-28T21:52:34 IST" duration-ms="10875" status="PASS">
          <params>
            <param index="0">
              <value>
                <![CDATA[2]]>
              </value>
            </param>
            <param index="1">
              <value>
                <![CDATA[tomsmith]]>
              </value>
            </param>
            <param index="2">
              <value>
                <![CDATA[test]]>
              </value>
            </param>
            <param index="3">
              <value>
                <![CDATA[Your password is invalid!]]>
              </value>
            </param>
            <param index="4">
              <value>
                <![CDATA[Invalid Password]]>
              </value>
            </param>
          </params>
          <reporter-output>
          </reporter-output>
        </test-method> <!-- NegativeLogin -->
        <test-method is-config="true" signature="closeDriver()[pri:0, instance:com.herokuapp.theinternet.NegativeLoginTest@15b204a1]" started-at="2020-06-28T21:52:34 IST" name="closeDriver" finished-at="2020-06-28T21:52:35 IST" duration-ms="1004" status="PASS">
          <reporter-output>
          </reporter-output>
        </test-method> <!-- closeDriver -->
        <test-method is-config="true" signature="intializeDriver(java.lang.String, org.testng.ITestContext)[pri:0, instance:com.herokuapp.theinternet.NegativeLoginTest@15b204a1]" started-at="2020-06-28T21:52:35 IST" name="intializeDriver" finished-at="2020-06-28T21:52:38 IST" duration-ms="2882" status="PASS">
          <params>
            <param index="0">
              <value>
                <![CDATA[Chrome]]>
              </value>
            </param>
            <param index="1">
              <value>
                <![CDATA[org.testng.TestRunner@7e00ed0f]]>
              </value>
            </param>
          </params>
          <reporter-output>
          </reporter-output>
        </test-method> <!-- intializeDriver -->
        <test-method signature="NegativeLogin(java.lang.String, java.lang.String, java.lang.String, java.lang.String, java.lang.String)[pri:0, instance:com.herokuapp.theinternet.NegativeLoginTest@15b204a1]" started-at="2020-06-28T21:52:38 IST" name="NegativeLogin" data-provider="ExcelReader" finished-at="2020-06-28T21:52:48 IST" duration-ms="9438" status="PASS">
          <params>
            <param index="0">
              <value>
                <![CDATA[3]]>
              </value>
            </param>
            <param index="1">
              <value>
                <![CDATA[]]>
              </value>
            </param>
            <param index="2">
              <value>
                <![CDATA[SuperSecretPassword!]]>
              </value>
            </param>
            <param index="3">
              <value>
                <![CDATA[Your username is invalid!]]>
              </value>
            </param>
            <param index="4">
              <value>
                <![CDATA[Blank Username]]>
              </value>
            </param>
          </params>
          <reporter-output>
          </reporter-output>
        </test-method> <!-- NegativeLogin -->
        <test-method is-config="true" signature="closeDriver()[pri:0, instance:com.herokuapp.theinternet.NegativeLoginTest@15b204a1]" started-at="2020-06-28T21:52:48 IST" name="closeDriver" finished-at="2020-06-28T21:52:48 IST" duration-ms="710" status="PASS">
          <reporter-output>
          </reporter-output>
        </test-method> <!-- closeDriver -->
        <test-method is-config="true" signature="intializeDriver(java.lang.String, org.testng.ITestContext)[pri:0, instance:com.herokuapp.theinternet.NegativeLoginTest@15b204a1]" started-at="2020-06-28T21:52:48 IST" name="intializeDriver" finished-at="2020-06-28T21:52:51 IST" duration-ms="3009" status="PASS">
          <params>
            <param index="0">
              <value>
                <![CDATA[Chrome]]>
              </value>
            </param>
            <param index="1">
              <value>
                <![CDATA[org.testng.TestRunner@7e00ed0f]]>
              </value>
            </param>
          </params>
          <reporter-output>
          </reporter-output>
        </test-method> <!-- intializeDriver -->
        <test-method signature="NegativeLogin(java.lang.String, java.lang.String, java.lang.String, java.lang.String, java.lang.String)[pri:0, instance:com.herokuapp.theinternet.NegativeLoginTest@15b204a1]" started-at="2020-06-28T21:52:51 IST" name="NegativeLogin" data-provider="ExcelReader" finished-at="2020-06-28T21:52:59 IST" duration-ms="7729" status="PASS">
          <params>
            <param index="0">
              <value>
                <![CDATA[4]]>
              </value>
            </param>
            <param index="1">
              <value>
                <![CDATA[tomsmith]]>
              </value>
            </param>
            <param index="2">
              <value>
                <![CDATA[]]>
              </value>
            </param>
            <param index="3">
              <value>
                <![CDATA[Your password is invalid!]]>
              </value>
            </param>
            <param index="4">
              <value>
                <![CDATA[Blank Password]]>
              </value>
            </param>
          </params>
          <reporter-output>
          </reporter-output>
        </test-method> <!-- NegativeLogin -->
        <test-method is-config="true" signature="closeDriver()[pri:0, instance:com.herokuapp.theinternet.NegativeLoginTest@15b204a1]" started-at="2020-06-28T21:52:59 IST" name="closeDriver" finished-at="2020-06-28T21:53:00 IST" duration-ms="689" status="PASS">
          <reporter-output>
          </reporter-output>
        </test-method> <!-- closeDriver -->
      </class> <!-- com.herokuapp.theinternet.NegativeLoginTest -->
    </test> <!-- WrongUsername -->
  </suite> <!-- NegativeLoginTest -->
</testng-results>
