<?xml version="1.0" encoding="UTF-8"?>
<!-- Generated by org.testng.reporters.JUnitXMLReporter -->
<testsuite hostname="LAPTOP-SGMUKH44" ignored="0" name="Default test" tests="3" failures="0" timestamp="2020-07-08T13:30:39 IST" time="66.826" errors="0">
  <testcase name="login" time="14.8" classname="Test.TestCases"/>
  <testcase name="getRowCount" time="0.046" classname="Test.TestCases"/>
  <testcase name="addquestions" time="39.41" classname="Test.TestCases"/>
</testsuite> <!-- Default test -->
