<?xml version="1.0" encoding="UTF-8"?>
<!-- Generated by org.testng.reporters.JUnitXMLReporter -->
<testsuite hostname="LAPTOP-SGMUKH44" ignored="0" name="Default test" tests="3" failures="0" timestamp="2020-06-26T15:10:25 IST" time="82.386" errors="0">
  <testcase name="login" time="27.599" classname="Test.TestCases"/>
  <testcase name="getRowCount" time="0.242" classname="Test.TestCases"/>
  <testcase name="addquestions" time="44.28" classname="Test.TestCases"/>
</testsuite> <!-- Default test -->
